build/Qt_6_8_2_Clang_arm64_v8a-Debug/android-build/build/intermediates/manifest_merge_blame_file/debug/processDebugMainManifest/manifest-merger-blame-debug-report.txt
1<?xml version="1.0" encoding="utf-8"?>
2<manifest xmlns:android="http://schemas.android.com/apk/res/android"
3    package="org.qtproject.example.Android"
4    android:installLocation="auto"
5    android:versionCode="1"
6    android:versionName="1.0" >
7
8    <uses-sdk
9        android:minSdkVersion="28"
10        android:targetSdkVersion="34" />
11
12    <uses-permission
12-->Qt_6_8_2_Clang_arm64_v8a-Debug\android-build\AndroidManifest.xml:7:5-107
13        android:name="android.permission.ACCESS_FINE_LOCATION"
13-->Qt_6_8_2_Clang_arm64_v8a-Debug\android-build\AndroidManifest.xml:7:22-76
14        android:maxSdkVersion="30" />
14-->Qt_6_8_2_Clang_arm64_v8a-Debug\android-build\AndroidManifest.xml:7:78-104
15    <uses-permission android:name="android.permission.ACCESS_NETWORK_STATE" />
15-->Qt_6_8_2_Clang_arm64_v8a-Debug\android-build\AndroidManifest.xml:8:5-80
15-->Qt_6_8_2_Clang_arm64_v8a-Debug\android-build\AndroidManifest.xml:8:22-76
16    <uses-permission
16-->Qt_6_8_2_Clang_arm64_v8a-Debug\android-build\AndroidManifest.xml:9:5-96
17        android:name="android.permission.BLUETOOTH"
17-->Qt_6_8_2_Clang_arm64_v8a-Debug\android-build\AndroidManifest.xml:9:22-65
18        android:maxSdkVersion="30" />
18-->Qt_6_8_2_Clang_arm64_v8a-Debug\android-build\AndroidManifest.xml:9:67-93
19    <uses-permission
19-->Qt_6_8_2_Clang_arm64_v8a-Debug\android-build\AndroidManifest.xml:10:5-102
20        android:name="android.permission.BLUETOOTH_ADMIN"
20-->Qt_6_8_2_Clang_arm64_v8a-Debug\android-build\AndroidManifest.xml:10:22-71
21        android:maxSdkVersion="30" />
21-->Qt_6_8_2_Clang_arm64_v8a-Debug\android-build\AndroidManifest.xml:10:73-99
22    <uses-permission
22-->Qt_6_8_2_Clang_arm64_v8a-Debug\android-build\AndroidManifest.xml:11:5-106
23        android:name="android.permission.BLUETOOTH_ADVERTISE"
23-->Qt_6_8_2_Clang_arm64_v8a-Debug\android-build\AndroidManifest.xml:11:22-75
24        android:minSdkVersion="31" />
24-->Qt_6_8_2_Clang_arm64_v8a-Debug\android-build\AndroidManifest.xml:11:77-103
25    <uses-permission
25-->Qt_6_8_2_Clang_arm64_v8a-Debug\android-build\AndroidManifest.xml:12:5-104
26        android:name="android.permission.BLUETOOTH_CONNECT"
26-->Qt_6_8_2_Clang_arm64_v8a-Debug\android-build\AndroidManifest.xml:12:22-73
27        android:minSdkVersion="31" />
27-->Qt_6_8_2_Clang_arm64_v8a-Debug\android-build\AndroidManifest.xml:12:75-101
28    <uses-permission
28-->Qt_6_8_2_Clang_arm64_v8a-Debug\android-build\AndroidManifest.xml:13:5-148
29        android:name="android.permission.BLUETOOTH_SCAN"
29-->Qt_6_8_2_Clang_arm64_v8a-Debug\android-build\AndroidManifest.xml:13:22-70
30        android:minSdkVersion="31"
30-->Qt_6_8_2_Clang_arm64_v8a-Debug\android-build\AndroidManifest.xml:13:72-98
31        android:usesPermissionFlags="neverForLocation" />
31-->Qt_6_8_2_Clang_arm64_v8a-Debug\android-build\AndroidManifest.xml:13:99-145
32    <uses-permission android:name="android.permission.INTERNET" />
32-->Qt_6_8_2_Clang_arm64_v8a-Debug\android-build\AndroidManifest.xml:14:5-68
32-->Qt_6_8_2_Clang_arm64_v8a-Debug\android-build\AndroidManifest.xml:14:22-64
33    <uses-permission android:name="android.permission.WRITE_EXTERNAL_STORAGE" />
33-->Qt_6_8_2_Clang_arm64_v8a-Debug\android-build\AndroidManifest.xml:15:5-82
33-->Qt_6_8_2_Clang_arm64_v8a-Debug\android-build\AndroidManifest.xml:15:22-78
34
35    <supports-screens
35-->Qt_6_8_2_Clang_arm64_v8a-Debug\android-build\AndroidManifest.xml:17:5-21:39
36        android:anyDensity="true"
36-->Qt_6_8_2_Clang_arm64_v8a-Debug\android-build\AndroidManifest.xml:18:9-34
37        android:largeScreens="true"
37-->Qt_6_8_2_Clang_arm64_v8a-Debug\android-build\AndroidManifest.xml:19:9-36
38        android:normalScreens="true"
38-->Qt_6_8_2_Clang_arm64_v8a-Debug\android-build\AndroidManifest.xml:20:9-37
39        android:smallScreens="true" />
39-->Qt_6_8_2_Clang_arm64_v8a-Debug\android-build\AndroidManifest.xml:21:9-36
40
41    <permission
41-->[androidx.core:core:1.13.1] AndroidManifest.xml:22:5-24:47
42        android:name="org.qtproject.example.Android.DYNAMIC_RECEIVER_NOT_EXPORTED_PERMISSION"
42-->[androidx.core:core:1.13.1] AndroidManifest.xml:23:9-81
43        android:protectionLevel="signature" />
43-->[androidx.core:core:1.13.1] AndroidManifest.xml:24:9-44
44
45    <uses-permission android:name="org.qtproject.example.Android.DYNAMIC_RECEIVER_NOT_EXPORTED_PERMISSION" />
45-->[androidx.core:core:1.13.1] AndroidManifest.xml:26:5-97
45-->[androidx.core:core:1.13.1] AndroidManifest.xml:26:22-94
46
47    <application
47-->Qt_6_8_2_Clang_arm64_v8a-Debug\android-build\AndroidManifest.xml:22:5-58:19
48        android:name="org.qtproject.qt.android.bindings.QtApplication"
48-->Qt_6_8_2_Clang_arm64_v8a-Debug\android-build\AndroidManifest.xml:23:9-71
49        android:allowBackup="true"
49-->Qt_6_8_2_Clang_arm64_v8a-Debug\android-build\AndroidManifest.xml:27:9-35
50        android:appComponentFactory="androidx.core.app.CoreComponentFactory"
50-->[androidx.core:core:1.13.1] AndroidManifest.xml:28:18-86
51        android:debuggable="true"
52        android:extractNativeLibs="true"
53        android:fullBackupOnly="false"
53-->Qt_6_8_2_Clang_arm64_v8a-Debug\android-build\AndroidManifest.xml:28:9-39
54        android:hardwareAccelerated="true"
54-->Qt_6_8_2_Clang_arm64_v8a-Debug\android-build\AndroidManifest.xml:24:9-43
55        android:label="Android"
55-->Qt_6_8_2_Clang_arm64_v8a-Debug\android-build\AndroidManifest.xml:25:9-32
56        android:requestLegacyExternalStorage="true" >
56-->Qt_6_8_2_Clang_arm64_v8a-Debug\android-build\AndroidManifest.xml:26:9-52
57        <activity
57-->Qt_6_8_2_Clang_arm64_v8a-Debug\android-build\AndroidManifest.xml:29:9-47:20
58            android:name="org.qtproject.qt.android.bindings.QtActivity"
58-->Qt_6_8_2_Clang_arm64_v8a-Debug\android-build\AndroidManifest.xml:30:13-72
59            android:configChanges="orientation|uiMode|screenLayout|screenSize|smallestScreenSize|layoutDirection|locale|fontScale|keyboard|keyboardHidden|navigation|mcc|mnc|density"
59-->Qt_6_8_2_Clang_arm64_v8a-Debug\android-build\AndroidManifest.xml:31:13-182
60            android:exported="true"
60-->Qt_6_8_2_Clang_arm64_v8a-Debug\android-build\AndroidManifest.xml:34:13-36
61            android:launchMode="singleTop"
61-->Qt_6_8_2_Clang_arm64_v8a-Debug\android-build\AndroidManifest.xml:32:13-43
62            android:screenOrientation="unspecified" >
62-->Qt_6_8_2_Clang_arm64_v8a-Debug\android-build\AndroidManifest.xml:33:13-52
63            <intent-filter>
63-->Qt_6_8_2_Clang_arm64_v8a-Debug\android-build\AndroidManifest.xml:35:13-38:29
64                <action android:name="android.intent.action.MAIN" />
64-->Qt_6_8_2_Clang_arm64_v8a-Debug\android-build\AndroidManifest.xml:36:17-69
64-->Qt_6_8_2_Clang_arm64_v8a-Debug\android-build\AndroidManifest.xml:36:25-66
65
66                <category android:name="android.intent.category.LAUNCHER" />
66-->Qt_6_8_2_Clang_arm64_v8a-Debug\android-build\AndroidManifest.xml:37:17-77
66-->Qt_6_8_2_Clang_arm64_v8a-Debug\android-build\AndroidManifest.xml:37:27-74
67            </intent-filter>
68
69            <meta-data
69-->Qt_6_8_2_Clang_arm64_v8a-Debug\android-build\AndroidManifest.xml:40:11-42:43
70                android:name="android.app.lib_name"
70-->Qt_6_8_2_Clang_arm64_v8a-Debug\android-build\AndroidManifest.xml:41:17-52
71                android:value="Android" />
71-->Qt_6_8_2_Clang_arm64_v8a-Debug\android-build\AndroidManifest.xml:42:17-40
72            <meta-data
72-->Qt_6_8_2_Clang_arm64_v8a-Debug\android-build\AndroidManifest.xml:44:11-46:36
73                android:name="android.app.arguments"
73-->Qt_6_8_2_Clang_arm64_v8a-Debug\android-build\AndroidManifest.xml:45:17-53
74                android:value="" />
74-->Qt_6_8_2_Clang_arm64_v8a-Debug\android-build\AndroidManifest.xml:46:17-33
75        </activity>
76
77        <provider
78            android:name="androidx.core.content.FileProvider"
78-->Qt_6_8_2_Clang_arm64_v8a-Debug\android-build\AndroidManifest.xml:50:13-62
79            android:authorities="org.qtproject.example.Android.qtprovider"
79-->Qt_6_8_2_Clang_arm64_v8a-Debug\android-build\AndroidManifest.xml:51:13-62
80            android:exported="false"
80-->Qt_6_8_2_Clang_arm64_v8a-Debug\android-build\AndroidManifest.xml:52:13-37
81            android:grantUriPermissions="true" >
81-->Qt_6_8_2_Clang_arm64_v8a-Debug\android-build\AndroidManifest.xml:53:13-47
82            <meta-data
82-->Qt_6_8_2_Clang_arm64_v8a-Debug\android-build\AndroidManifest.xml:54:13-56:59
83                android:name="android.support.FILE_PROVIDER_PATHS"
83-->Qt_6_8_2_Clang_arm64_v8a-Debug\android-build\AndroidManifest.xml:55:17-67
84                android:resource="@xml/qtprovider_paths" />
84-->Qt_6_8_2_Clang_arm64_v8a-Debug\android-build\AndroidManifest.xml:56:17-57
85        </provider>
86        <provider
86-->[androidx.profileinstaller:profileinstaller:1.3.0] AndroidManifest.xml:24:9-32:20
87            android:name="androidx.startup.InitializationProvider"
87-->[androidx.profileinstaller:profileinstaller:1.3.0] AndroidManifest.xml:25:13-67
88            android:authorities="org.qtproject.example.Android.androidx-startup"
88-->[androidx.profileinstaller:profileinstaller:1.3.0] AndroidManifest.xml:26:13-68
89            android:exported="false" >
89-->[androidx.profileinstaller:profileinstaller:1.3.0] AndroidManifest.xml:27:13-37
90            <meta-data
90-->[androidx.profileinstaller:profileinstaller:1.3.0] AndroidManifest.xml:29:13-31:52
91                android:name="androidx.profileinstaller.ProfileInstallerInitializer"
91-->[androidx.profileinstaller:profileinstaller:1.3.0] AndroidManifest.xml:30:17-85
92                android:value="androidx.startup" />
92-->[androidx.profileinstaller:profileinstaller:1.3.0] AndroidManifest.xml:31:17-49
93        </provider>
94
95        <receiver
95-->[androidx.profileinstaller:profileinstaller:1.3.0] AndroidManifest.xml:34:9-52:20
96            android:name="androidx.profileinstaller.ProfileInstallReceiver"
96-->[androidx.profileinstaller:profileinstaller:1.3.0] AndroidManifest.xml:35:13-76
97            android:directBootAware="false"
97-->[androidx.profileinstaller:profileinstaller:1.3.0] AndroidManifest.xml:36:13-44
98            android:enabled="true"
98-->[androidx.profileinstaller:profileinstaller:1.3.0] AndroidManifest.xml:37:13-35
99            android:exported="true"
99-->[androidx.profileinstaller:profileinstaller:1.3.0] AndroidManifest.xml:38:13-36
100            android:permission="android.permission.DUMP" >
100-->[androidx.profileinstaller:profileinstaller:1.3.0] AndroidManifest.xml:39:13-57
101            <intent-filter>
101-->[androidx.profileinstaller:profileinstaller:1.3.0] AndroidManifest.xml:40:13-42:29
102                <action android:name="androidx.profileinstaller.action.INSTALL_PROFILE" />
102-->[androidx.profileinstaller:profileinstaller:1.3.0] AndroidManifest.xml:41:17-91
102-->[androidx.profileinstaller:profileinstaller:1.3.0] AndroidManifest.xml:41:25-88
103            </intent-filter>
104            <intent-filter>
104-->[androidx.profileinstaller:profileinstaller:1.3.0] AndroidManifest.xml:43:13-45:29
105                <action android:name="androidx.profileinstaller.action.SKIP_FILE" />
105-->[androidx.profileinstaller:profileinstaller:1.3.0] AndroidManifest.xml:44:17-85
105-->[androidx.profileinstaller:profileinstaller:1.3.0] AndroidManifest.xml:44:25-82
106            </intent-filter>
107            <intent-filter>
107-->[androidx.profileinstaller:profileinstaller:1.3.0] AndroidManifest.xml:46:13-48:29
108                <action android:name="androidx.profileinstaller.action.SAVE_PROFILE" />
108-->[androidx.profileinstaller:profileinstaller:1.3.0] AndroidManifest.xml:47:17-88
108-->[androidx.profileinstaller:profileinstaller:1.3.0] AndroidManifest.xml:47:25-85
109            </intent-filter>
110            <intent-filter>
110-->[androidx.profileinstaller:profileinstaller:1.3.0] AndroidManifest.xml:49:13-51:29
111                <action android:name="androidx.profileinstaller.action.BENCHMARK_OPERATION" />
111-->[androidx.profileinstaller:profileinstaller:1.3.0] AndroidManifest.xml:50:17-95
111-->[androidx.profileinstaller:profileinstaller:1.3.0] AndroidManifest.xml:50:25-92
112            </intent-filter>
113        </receiver>
114    </application>
115
116</manifest>